[1209/162035.017:ERROR:directory_reader_win.cc(43)] FindFirstFile: 指定されたパスが見つかりません。 (0x3)
[1211/151251.137:ERROR:directory_reader_win.cc(43)] FindFirstFile: 指定されたパスが見つかりません。 (0x3)
[1213/182538.405:ERROR:directory_reader_win.cc(43)] FindFirstFile: 指定されたパスが見つかりません。 (0x3)
[1215/200509.546:ERROR:directory_reader_win.cc(43)] FindFirstFile: 指定されたパスが見つかりません。 (0x3)
[1217/202949.085:ERROR:directory_reader_win.cc(43)] FindFirstFile: 指定されたパスが見つかりません。 (0x3)
[1219/220947.685:ERROR:directory_reader_win.cc(43)] FindFirstFile: 指定されたパスが見つかりません。 (0x3)
[1221/210806.240:ERROR:directory_reader_win.cc(43)] FindFirstFile: 指定されたパスが見つかりません。 (0x3)
[1223/222628.749:ERROR:directory_reader_win.cc(43)] FindFirstFile: 指定されたパスが見つかりません。 (0x3)
[1225/225324.890:ERROR:directory_reader_win.cc(43)] FindFirstFile: 指定されたパスが見つかりません。 (0x3)
[1228/101341.563:ERROR:directory_reader_win.cc(43)] FindFirstFile: 指定されたパスが見つかりません。 (0x3)
[1230/172734.090:ERROR:directory_reader_win.cc(43)] FindFirstFile: 指定されたパスが見つかりません。 (0x3)
[0102/105929.053:ERROR:directory_reader_win.cc(43)] FindFirstFile: 指定されたパスが見つかりません。 (0x3)
[0104/164010.101:ERROR:directory_reader_win.cc(43)] FindFirstFile: 指定されたパスが見つかりません。 (0x3)
[0106/205056.529:ERROR:directory_reader_win.cc(43)] FindFirstFile: 指定されたパスが見つかりません。 (0x3)
[0106/205056.544:ERROR:filesystem_win.cc(129)] GetFileAttributes C:\Users\yasum\AppData\Local\Google\Chrome\User Data\Crashpad\attachments\158aee6a-0486-4f1d-b3ac-db84dc55aa54: 指定されたパスが見つかりません。 (0x3)
[0106/205056.551:ERROR:filesystem_win.cc(129)] GetFileAttributes C:\Users\yasum\AppData\Local\Google\Chrome\User Data\Crashpad\attachments\fff7f4b8-8f02-4b4f-a0e6-b3ce04c93b0c: 指定されたパスが見つかりません。 (0x3)
[0106/205056.560:ERROR:filesystem_win.cc(129)] GetFileAttributes C:\Users\yasum\AppData\Local\Google\Chrome\User Data\Crashpad\attachments\86c9291d-eeac-466f-a821-711f00fac4df: 指定されたパスが見つかりません。 (0x3)
[0106/205056.567:ERROR:filesystem_win.cc(129)] GetFileAttributes C:\Users\yasum\AppData\Local\Google\Chrome\User Data\Crashpad\attachments\402aed53-0a19-40dd-a205-965efc08d69a: 指定されたパスが見つかりません。 (0x3)
[0106/205056.576:ERROR:filesystem_win.cc(129)] GetFileAttributes C:\Users\yasum\AppData\Local\Google\Chrome\User Data\Crashpad\attachments\00396cba-7670-4f75-987b-ea7d87177485: 指定されたパスが見つかりません。 (0x3)
[0106/205056.583:ERROR:filesystem_win.cc(129)] GetFileAttributes C:\Users\yasum\AppData\Local\Google\Chrome\User Data\Crashpad\attachments\cd5a8593-0874-4f12-811b-219bc9772a5d: 指定されたパスが見つかりません。 (0x3)
[0106/205056.589:ERROR:filesystem_win.cc(129)] GetFileAttributes C:\Users\yasum\AppData\Local\Google\Chrome\User Data\Crashpad\attachments\7396c69e-c1a7-43e8-affb-12094305c4fc: 指定されたパスが見つかりません。 (0x3)
[0106/205056.595:ERROR:filesystem_win.cc(129)] GetFileAttributes C:\Users\yasum\AppData\Local\Google\Chrome\User Data\Crashpad\attachments\28fe104f-2f68-4dae-aeed-9f1b43cad75d: 指定されたパスが見つかりません。 (0x3)
[0106/205056.600:ERROR:filesystem_win.cc(129)] GetFileAttributes C:\Users\yasum\AppData\Local\Google\Chrome\User Data\Crashpad\attachments\01494e20-17df-4628-87d1-c39eb0639838: 指定されたパスが見つかりません。 (0x3)
[0106/205056.606:ERROR:filesystem_win.cc(129)] GetFileAttributes C:\Users\yasum\AppData\Local\Google\Chrome\User Data\Crashpad\attachments\987c596e-5068-4fc5-99c2-9d8e7f249844: 指定されたパスが見つかりません。 (0x3)
[0106/205056.611:ERROR:filesystem_win.cc(129)] GetFileAttributes C:\Users\yasum\AppData\Local\Google\Chrome\User Data\Crashpad\attachments\3fce9f3e-8f11-40ec-88a9-a9f3aecea7fe: 指定されたパスが見つかりません。 (0x3)
[0106/205056.616:ERROR:filesystem_win.cc(129)] GetFileAttributes C:\Users\yasum\AppData\Local\Google\Chrome\User Data\Crashpad\attachments\f063ad6d-39e6-4fc2-bdf7-a95bd9e64ffa: 指定されたパスが見つかりません。 (0x3)
[0106/205056.620:ERROR:filesystem_win.cc(129)] GetFileAttributes C:\Users\yasum\AppData\Local\Google\Chrome\User Data\Crashpad\attachments\77d84931-6e65-404b-8fc0-50e06758f4f4: 指定されたパスが見つかりません。 (0x3)
[0106/205056.627:ERROR:filesystem_win.cc(129)] GetFileAttributes C:\Users\yasum\AppData\Local\Google\Chrome\User Data\Crashpad\attachments\d1859ef6-2e7a-4dd9-952e-14c2a83e7bef: 指定されたパスが見つかりません。 (0x3)
[0106/205056.631:ERROR:filesystem_win.cc(129)] GetFileAttributes C:\Users\yasum\AppData\Local\Google\Chrome\User Data\Crashpad\attachments\e03c0faa-b53f-4360-a5dc-7a0a3a0853b5: 指定されたパスが見つかりません。 (0x3)
[0106/205056.636:ERROR:filesystem_win.cc(129)] GetFileAttributes C:\Users\yasum\AppData\Local\Google\Chrome\User Data\Crashpad\attachments\c31b4e66-9019-4e71-bf88-59d2b5201791: 指定されたパスが見つかりません。 (0x3)
[0106/205056.642:ERROR:filesystem_win.cc(129)] GetFileAttributes C:\Users\yasum\AppData\Local\Google\Chrome\User Data\Crashpad\attachments\72df28ec-c3b4-4ace-96d7-3bb3be13fba2: 指定されたパスが見つかりません。 (0x3)
[0118/224836.174:ERROR:directory_reader_win.cc(43)] FindFirstFile: 指定されたパスが見つかりません。 (0x3)
[0119/212448.376:ERROR:directory_reader_win.cc(43)] FindFirstFile: 指定されたパスが見つかりません。 (0x3)
[0122/124744.237:ERROR:directory_reader_win.cc(43)] FindFirstFile: 指定されたパスが見つかりません。 (0x3)
[0124/230952.433:ERROR:directory_reader_win.cc(43)] FindFirstFile: 指定されたパスが見つかりません。 (0x3)
[0127/163511.075:ERROR:directory_reader_win.cc(43)] FindFirstFile: 指定されたパスが見つかりません。 (0x3)
