0 info it worked if it ends with ok
1 verbose cli [ 'C:\\Program Files (x86)\\Nodist\\v-x64\\8.9.3\\node.exe',
1 verbose cli   'C:\\Program Files (x86)\\Nodist\\npmv\\4.0.5\\bin\\npm-cli.js',
1 verbose cli   'run',
1 verbose cli   'build' ]
2 info using npm@4.0.5
3 info using node@v8.9.3
4 verbose stack Error: missing script: build
4 verbose stack     at run (C:\Program Files (x86)\Nodist\npmv\4.0.5\lib\run-script.js:151:19)
4 verbose stack     at C:\Program Files (x86)\Nodist\npmv\4.0.5\lib\run-script.js:61:5
4 verbose stack     at C:\Program Files (x86)\Nodist\npmv\4.0.5\node_modules\read-package-json\read-json.js:356:5
4 verbose stack     at checkBinReferences_ (C:\Program Files (x86)\Nodist\npmv\4.0.5\node_modules\read-package-json\read-json.js:320:45)
4 verbose stack     at final (C:\Program Files (x86)\Nodist\npmv\4.0.5\node_modules\read-package-json\read-json.js:354:3)
4 verbose stack     at then (C:\Program Files (x86)\Nodist\npmv\4.0.5\node_modules\read-package-json\read-json.js:124:5)
4 verbose stack     at C:\Program Files (x86)\Nodist\npmv\4.0.5\node_modules\read-package-json\read-json.js:243:12
4 verbose stack     at C:\Program Files (x86)\Nodist\npmv\4.0.5\node_modules\graceful-fs\graceful-fs.js:78:16
4 verbose stack     at FSReqWrap.readFileAfterClose [as oncomplete] (fs.js:511:3)
5 verbose cwd c:\ubuntu\ruby243\rails5.1-react-tutorial
6 error Windows_NT 10.0.16299
7 error argv "C:\\Program Files (x86)\\Nodist\\v-x64\\8.9.3\\node.exe" "C:\\Program Files (x86)\\Nodist\\npmv\\4.0.5\\bin\\npm-cli.js" "run" "build"
8 error node v8.9.3
9 error npm  v4.0.5
10 error missing script: build
11 error If you need help, you may report this error at:
11 error     <https://github.com/npm/npm/issues>
12 verbose exit [ 1, true ]
